<?xml version="1.0" encoding="utf-8"?><testsuites name="pytest tests"><testsuite name="pytest" errors="0" failures="0" skipped="0" tests="16" time="13.491" timestamp="2026-02-15T22:23:12.831873+00:00" hostname="agent-env-4be64de7-02d7-4f63-8186-8b0154bffa0b"><testcase classname="backend.tests.test_sell_job_features.TestAuthentication" name="test_login_admin_success" time="0.523" /><testcase classname="backend.tests.test_sell_job_features.TestAuthentication" name="test_login_invalid_credentials" time="0.391" /><testcase classname="backend.tests.test_sell_job_features.TestSellRequests" name="test_create_sell_request_public" time="0.865" /><testcase classname="backend.tests.test_sell_job_features.TestSellRequests" name="test_get_sell_requests_requires_auth" time="0.626" /><testcase classname="backend.tests.test_sell_job_features.TestSellRequests" name="test_get_sell_requests_with_auth" time="0.644" /><testcase classname="backend.tests.test_sell_job_features.TestSellRequests" name="test_update_sell_request_status" time="1.341" /><testcase classname="backend.tests.test_sell_job_features.TestSellRequests" name="test_update_sell_request_invalid_status" time="0.961" /><testcase classname="backend.tests.test_sell_job_features.TestSellRequests" name="test_delete_sell_request" time="0.907" /><testcase classname="backend.tests.test_sell_job_features.TestJobApplications" name="test_create_job_application_public" time="0.686" /><testcase classname="backend.tests.test_sell_job_features.TestJobApplications" name="test_get_job_applications_requires_auth" time="0.681" /><testcase classname="backend.tests.test_sell_job_features.TestJobApplications" name="test_get_job_applications_with_auth" time="0.619" /><testcase classname="backend.tests.test_sell_job_features.TestJobApplications" name="test_update_job_application_status" time="1.051" /><testcase classname="backend.tests.test_sell_job_features.TestJobApplications" name="test_update_job_application_all_statuses" time="1.492" /><testcase classname="backend.tests.test_sell_job_features.TestJobApplications" name="test_update_job_application_invalid_status" time="0.840" /><testcase classname="backend.tests.test_sell_job_features.TestJobApplications" name="test_delete_job_application" time="1.042" /><testcase classname="backend.tests.test_sell_job_features.TestWhatsAppIntegration" name="test_notifications_endpoint" time="0.639" /></testsuite></testsuites>