<?xml version="1.0" encoding="utf-8"?><testsuites name="pytest tests"><testsuite name="pytest" errors="0" failures="0" skipped="0" tests="12" time="8.648" timestamp="2026-02-15T22:07:52.358947+00:00" hostname="agent-env-4be64de7-02d7-4f63-8186-8b0154bffa0b"><testcase classname="backend.tests.test_admin_features.TestAuthentication" name="test_admin_login_success" time="0.602" /><testcase classname="backend.tests.test_admin_features.TestAuthentication" name="test_admin_login_wrong_password" time="0.421" /><testcase classname="backend.tests.test_admin_features.TestStatistics" name="test_get_statistics" time="0.574" /><testcase classname="backend.tests.test_admin_features.TestBrandAndLogo" name="test_get_agency_settings" time="0.553" /><testcase classname="backend.tests.test_admin_features.TestBrandAndLogo" name="test_update_agency_settings" time="0.857" /><testcase classname="backend.tests.test_admin_features.TestLocations" name="test_get_locations" time="0.507" /><testcase classname="backend.tests.test_admin_features.TestLocations" name="test_create_and_delete_location" time="0.747" /><testcase classname="backend.tests.test_admin_features.TestPropertiesCRUD" name="test_list_properties" time="0.690" /><testcase classname="backend.tests.test_admin_features.TestPropertiesCRUD" name="test_create_property_success" time="1.197" /><testcase classname="backend.tests.test_admin_features.TestPropertiesCRUD" name="test_update_property" time="0.838" /><testcase classname="backend.tests.test_admin_features.TestPropertiesCRUD" name="test_delete_property" time="0.875" /><testcase classname="backend.tests.test_admin_features.TestPropertyValidation" name="test_create_property_missing_title" time="0.581" /></testsuite></testsuites>