<?xml version="1.0" encoding="utf-8"?><testsuites name="pytest tests"><testsuite name="pytest" errors="0" failures="0" skipped="0" tests="14" time="6.818" timestamp="2026-04-25T10:40:19.381546+00:00" hostname="agent-env-a71477fc-df59-4fff-bafa-ac6599f9792e"><testcase classname="backend.tests.test_iteration_9.TestAdminLogin" name="test_admin_login_success" time="0.249" /><testcase classname="backend.tests.test_iteration_9.TestAgentLogin" name="test_agent_login_success" time="0.703" /><testcase classname="backend.tests.test_iteration_9.TestAgentRestrictions" name="test_agent_cannot_access_users_list" time="0.764" /><testcase classname="backend.tests.test_iteration_9.TestAgentRestrictions" name="test_agent_cannot_create_users" time="0.747" /><testcase classname="backend.tests.test_iteration_9.TestAgentProfileEdit" name="test_agent_can_update_own_profile" time="1.027" /><testcase classname="backend.tests.test_iteration_9.TestLogoPositionConfig" name="test_logo_position_field_exists" time="0.274" /><testcase classname="backend.tests.test_iteration_9.TestLogoPositionConfig" name="test_update_logo_position" time="0.603" /><testcase classname="backend.tests.test_iteration_9.TestHeroConfiguration" name="test_hero_images_field_exists" time="0.255" /><testcase classname="backend.tests.test_iteration_9.TestHeroConfiguration" name="test_hero_video_url_field_exists" time="0.270" /><testcase classname="backend.tests.test_iteration_9.TestHeroConfiguration" name="test_update_hero_video_url" time="0.479" /><testcase classname="backend.tests.test_iteration_9.TestContactForm" name="test_submit_contact_form" time="0.363" /><testcase classname="backend.tests.test_iteration_9.TestSellRequestForm" name="test_submit_sell_request" time="0.359" /><testcase classname="backend.tests.test_iteration_9.TestJobApplicationForm" name="test_submit_job_application" time="0.359" /><testcase classname="backend.tests.test_iteration_9.TestLogoUpload" name="test_upload_endpoint_exists" time="0.255" /></testsuite></testsuites>